<?xml version="1.0" encoding="UTF-8"?>
<testsuite name="com.arun.refactoring.SplitVariableTest" tests="2" skipped="0" failures="0" errors="0" timestamp="2020-12-19T00:53:00" hostname="Aruns-MacBook-Pro.local" time="0.001">
  <properties/>
  <testcase name="discountRefactoredTest" classname="com.arun.refactoring.SplitVariableTest" time="0.0"/>
  <testcase name="discountTest" classname="com.arun.refactoring.SplitVariableTest" time="0.0"/>
  <system-out><![CDATA[]]></system-out>
  <system-err><![CDATA[]]></system-err>
</testsuite>
